  main.cpp
D:\Programming\C++\SimpleCode\Project3\Project3\main.cpp(14,1): warning C4326: возвращаемый тип "main" должен быть "int", а не "void"
D:\Programming\C++\SimpleCode\Project3\Project3\main.cpp(16,10): warning C4566: символ, представленный универсальным именем символа "\u041F", невозможно представить в текущей кодовой странице (1252)
D:\Programming\C++\SimpleCode\Project3\Project3\main.cpp(16,10): warning C4566: символ, представленный универсальным именем символа "\u0440", невозможно представить в текущей кодовой странице (1252)
D:\Programming\C++\SimpleCode\Project3\Project3\main.cpp(16,10): warning C4566: символ, представленный универсальным именем символа "\u0438", невозможно представить в текущей кодовой странице (1252)
D:\Programming\C++\SimpleCode\Project3\Project3\main.cpp(16,10): warning C4566: символ, представленный универсальным именем символа "\u0432", невозможно представить в текущей кодовой странице (1252)
D:\Programming\C++\SimpleCode\Project3\Project3\main.cpp(16,10): warning C4566: символ, представленный универсальным именем символа "\u0435", невозможно представить в текущей кодовой странице (1252)
D:\Programming\C++\SimpleCode\Project3\Project3\main.cpp(16,10): warning C4566: символ, представленный универсальным именем символа "\u0442", невозможно представить в текущей кодовой странице (1252)
D:\Programming\C++\SimpleCode\Project3\Project3\main.cpp(17,10): warning C4566: символ, представленный универсальным именем символа "\u041F", невозможно представить в текущей кодовой странице (1252)
D:\Programming\C++\SimpleCode\Project3\Project3\main.cpp(17,10): warning C4566: символ, представленный универсальным именем символа "\u0440", невозможно представить в текущей кодовой странице (1252)
D:\Programming\C++\SimpleCode\Project3\Project3\main.cpp(17,10): warning C4566: символ, представленный универсальным именем символа "\u0438", невозможно представить в текущей кодовой странице (1252)
D:\Programming\C++\SimpleCode\Project3\Project3\main.cpp(17,10): warning C4566: символ, представленный универсальным именем символа "\u0432", невозможно представить в текущей кодовой странице (1252)
D:\Programming\C++\SimpleCode\Project3\Project3\main.cpp(17,10): warning C4566: символ, представленный универсальным именем символа "\u0435", невозможно представить в текущей кодовой странице (1252)
D:\Programming\C++\SimpleCode\Project3\Project3\main.cpp(17,10): warning C4566: символ, представленный универсальным именем символа "\u0442", невозможно представить в текущей кодовой странице (1252)
D:\Programming\C++\SimpleCode\Project3\Project3\main.cpp(18,10): warning C4566: символ, представленный универсальным именем символа "\u041F", невозможно представить в текущей кодовой странице (1252)
D:\Programming\C++\SimpleCode\Project3\Project3\main.cpp(18,10): warning C4566: символ, представленный универсальным именем символа "\u0440", невозможно представить в текущей кодовой странице (1252)
D:\Programming\C++\SimpleCode\Project3\Project3\main.cpp(18,10): warning C4566: символ, представленный универсальным именем символа "\u0438", невозможно представить в текущей кодовой странице (1252)
D:\Programming\C++\SimpleCode\Project3\Project3\main.cpp(18,10): warning C4566: символ, представленный универсальным именем символа "\u0432", невозможно представить в текущей кодовой странице (1252)
D:\Programming\C++\SimpleCode\Project3\Project3\main.cpp(18,10): warning C4566: символ, представленный универсальным именем символа "\u0435", невозможно представить в текущей кодовой странице (1252)
D:\Programming\C++\SimpleCode\Project3\Project3\main.cpp(18,10): warning C4566: символ, представленный универсальным именем символа "\u0442", невозможно представить в текущей кодовой странице (1252)
  Project3.vcxproj -> D:\Programming\C++\SimpleCode\Project3\x64\Debug\Project3.exe
